<?xml version="1.0" encoding="UTF-8"?>
<!-- Generated by org.testng.reporters.JUnitXMLReporter -->
<testsuite ignored="0" hostname="MuhammadJaziem" failures="0" tests="4" name="Reading browser details from testng xml" time="0.05" errors="0" timestamp="2022-09-04T01:39:14 MYT">
  <testcase classname="testNG_Project.GroupTestCases" name="bTest3" time="0.008"/>
  <testcase classname="testNG_Project.GroupTestCases" name="bTest4" time="0.001"/>
  <testcase classname="testNG_Project.GroupTestCases" name="aTest1" time="0.001"/>
  <testcase classname="testNG_Project.GroupTestCases" name="bTest2" time="0.003"/>
</testsuite> <!-- Reading browser details from testng xml -->
