<?xml version="1.0" encoding="UTF-8"?>
<!-- Generated by org.testng.reporters.JUnitXMLReporter -->
<testsuite ignored="1" hostname="MuhammadJaziem" failures="0" tests="3" name="GRP-regression" time="0.04" errors="0" timestamp="2022-08-27T10:20:30 MYT">
  <testcase classname="testNG_Project.GroupTestCases" name="bTest3" time="0.005"/>
  <testcase classname="testNG_Project.GroupTestCases" name="aTest1" time="0.001"/>
  <testcase classname="testNG_Project.GroupTestCases" name="bTest2" time="0.001"/>
  <testcase classname="testNG_Project.GroupTestCases" name="bTest4" time="0.0">
    <ignored/>
  </testcase> <!-- bTest4 -->
</testsuite> <!-- GRP-regression -->
