<?xml version="1.0" encoding="UTF-8"?>
<!-- Generated by org.testng.reporters.JUnitXMLReporter -->
<testsuite ignored="0" hostname="MuhammadJaziem" failures="0" tests="4" name="GRP-user-registration" time="0.076" errors="0" timestamp="2022-08-26T09:26:38 MYT">
  <testcase classname="testNG_Project.GroupTestCases" name="bTest3" time="0.007"/>
  <testcase classname="testNG_Project.GroupTestCases" name="bTest4" time="0.003"/>
  <testcase classname="testNG_Project.GroupTestCases" name="aTest1" time="0.002"/>
  <testcase classname="testNG_Project.GroupTestCases" name="bTest2" time="0.007"/>
</testsuite> <!-- GRP-user-registration -->
