<?xml version="1.0" encoding="UTF-8"?>
<!-- Generated by org.testng.reporters.JUnitXMLReporter -->
<testsuite ignored="0" hostname="MuhammadJaziem" failures="0" tests="7" name="Functional Test" time="7.313" errors="0" timestamp="2022-08-27T10:12:11 MYT">
  <testcase classname="testNG_Project.titleTest" name="titleTestNew" time="7.259"/>
  <testcase classname="testNG_Project.LoginTest" name="alogoutTest" time="0.001"/>
  <testcase classname="testNG_Project.LoginTest" name="bloginTest" time="0.002"/>
  <testcase classname="testNG_Project.GroupTestCases" name="bTest3" time="0.001"/>
  <testcase classname="testNG_Project.GroupTestCases" name="bTest4" time="0.001"/>
  <testcase classname="testNG_Project.GroupTestCases" name="aTest1" time="0.002"/>
  <testcase classname="testNG_Project.GroupTestCases" name="bTest2" time="0.001"/>
</testsuite> <!-- Functional Test -->
